13.11.2025 00:05:56	This log contains information about the import schema operation into project 'ZaawansowaneBazyDanych' on computer 'DESKTOP-8FB45VI' by user 'Splaf'.
13.11.2025 00:05:56	Import of database schema has started.
13.11.2025 00:05:58	Gathering logins
13.11.2025 00:06:06	Gathering database credentials
13.11.2025 00:06:06	Gathering database options
13.11.2025 00:06:06	Gathering generic database scoped configuration option
13.11.2025 00:06:06	Gathering users
13.11.2025 00:06:06	Gathering roles
13.11.2025 00:06:06	Gathering application roles
13.11.2025 00:06:06	Gathering role memberships
13.11.2025 00:06:06	Gathering filegroups
13.11.2025 00:06:06	Gathering full-text catalogs
13.11.2025 00:06:06	Gathering assemblies
13.11.2025 00:06:06	Gathering certificates
13.11.2025 00:06:06	Gathering symmetric keys
13.11.2025 00:06:06	Gathering encrypted symmetric keys
13.11.2025 00:06:06	Gathering schemas
13.11.2025 00:06:06	Gathering XML schema collections
13.11.2025 00:06:06	Gathering user-defined data types
13.11.2025 00:06:06	Gathering user-defined types
13.11.2025 00:06:06	Gathering table types
13.11.2025 00:06:06	Gathering unique keys for table types
13.11.2025 00:06:06	Gathering primary keys for table types
13.11.2025 00:06:06	Gathering indexes for table types
13.11.2025 00:06:06	Gathering check constraints for table types
13.11.2025 00:06:06	Gathering default constraints for table types
13.11.2025 00:06:06	Gathering partition functions
13.11.2025 00:06:06	Gathering partition schemes
13.11.2025 00:06:06	Gathering functions
13.11.2025 00:06:06	Gathering encrypted functions
13.11.2025 00:06:06	Gathering aggregates
13.11.2025 00:06:06	Gathering procedures
13.11.2025 00:06:06	Gathering encrypted procedures
13.11.2025 00:06:06	Gathering tables
13.11.2025 00:06:06	Gathering primary keys
13.11.2025 00:06:06	Gathering unique constraints
13.11.2025 00:06:06	Gathering foreign keys
13.11.2025 00:06:07	Gathering default constraints
13.11.2025 00:06:07	Gathering check constraints
13.11.2025 00:06:07	Gathering views
13.11.2025 00:06:07	Gathering encrypted views
13.11.2025 00:06:07	Gathering indexes
13.11.2025 00:06:07	Gathering statistics
13.11.2025 00:06:07	Gathering full-text index stoplists
13.11.2025 00:06:07	Gathering search property lists
13.11.2025 00:06:07	Gathering search properties
13.11.2025 00:06:07	Gathering full-text indexes
13.11.2025 00:06:07	Gathering column store indexes
13.11.2025 00:06:07	Gathering spatial indexes
13.11.2025 00:06:07	Gathering XML indexes
13.11.2025 00:06:07	Gathering Selective XML indexes
13.11.2025 00:06:07	Gathering encrypted triggers
13.11.2025 00:06:07	Gathering triggers
13.11.2025 00:06:07	Gathering encrypted and clr ddl triggers
13.11.2025 00:06:07	Gathering ddl triggers
13.11.2025 00:06:07	Creating edge constraints
13.11.2025 00:06:07	Gathering synonyms
13.11.2025 00:06:07	Gathering defaults
13.11.2025 00:06:07	Gathering data constraint uddt bindings
13.11.2025 00:06:07	Gathering rules
13.11.2025 00:06:07	Gathering data constraint uddt bindings
13.11.2025 00:06:07	Gathering message types
13.11.2025 00:06:07	Gathering queues
13.11.2025 00:06:07	Gathering contracts
13.11.2025 00:06:07	Gathering services
13.11.2025 00:06:07	Gathering event notifications
13.11.2025 00:06:07	Gathering remote service bindings
13.11.2025 00:06:07	Gathering broker priorities
13.11.2025 00:06:07	Gathering signatures
13.11.2025 00:06:07	Gathering compression options
13.11.2025 00:06:07	Gathering sequence types
13.11.2025 00:06:07	Gathering security policies
13.11.2025 00:06:07	Gather column encryption keys
13.11.2025 00:06:07	Gathering column master keys
13.11.2025 00:06:07	Gathering external data sources
13.11.2025 00:06:07	Gathering external file formats
13.11.2025 00:06:07	Gathering external tables
13.11.2025 00:06:07	Gathering XML index compression options
13.11.2025 00:06:07	Gathering database permissions
13.11.2025 00:06:07	Gathering extended properties
13.11.2025 00:06:07	Gathering assemblies
13.11.2025 00:06:07	Gathering logins
13.11.2025 00:06:09	Scanning project for duplicate elements
13.11.2025 00:06:09	Finished duplicate element processing
13.11.2025 00:06:28	Finished importing database.
13.11.2025 00:06:28	A summary of the import was saved to the following location: C:\Users\Splaf\Desktop\Nowy folder\ZaawansowaneBazyDanych\ZaawansowaneBazyDanych\Import Schema Logs\ZaawansowaneBazyDany_20251112110556.log
13.11.2025 00:06:28	Click Finish to continue...
